/home/maratha9/public_html/ppp.php
/home/maratha9/public_html/demo.php
/home/maratha9/public_html/paymentoption.php
/home/maratha9/public_html/aboutus.php
/home/maratha9/public_html/search.php
/home/maratha9/public_html/response.php
/home/maratha9/public_html/bride_profille.php
/home/maratha9/public_html/quick_search.php
/home/maratha9/public_html/show_details.php
/home/maratha9/public_html/enquiry.php
/home/maratha9/public_html/see.php
/home/maratha9/public_html/bridegroom.php
/home/maratha9/public_html/divorce.php
/home/maratha9/public_html/register2.php
/home/maratha9/public_html/thanks.php
/home/maratha9/public_html/beta/upload_crop_v1.2.php
/home/maratha9/public_html/bridegroom_details.php
/home/maratha9/public_html/bride.php
/home/maratha9/public_html/register.php
/home/maratha9/public_html/search_region.php
/home/maratha9/public_html/divorce_male.php
/home/maratha9/public_html/error.php
/home/maratha9/public_html/register_thank.php
/home/maratha9/public_html/index.php
/home/maratha9/public_html/enroll.php
/home/maratha9/public_html/rules.php
/home/maratha9/public_html/bride_display.php
/home/maratha9/public_html/form1.php
/home/maratha9/public_html/login.php
/home/maratha9/public_html/divorce_female.php
/home/maratha9/public_html/mainpage.php
/home/maratha9/public_html/contactus.php
/home/maratha9/public_html/success.php
/home/maratha9/public_html/widower.php
/home/maratha9/public_html/backoffice/package.php
/home/maratha9/public_html/backoffice/demo.php
/home/maratha9/public_html/backoffice/show_details.php
/home/maratha9/public_html/backoffice/viewpackage.php
/home/maratha9/public_html/backoffice/edit_package.php
/home/maratha9/public_html/backoffice/dd.php
/home/maratha9/public_html/backoffice/bridegroom.php
/home/maratha9/public_html/backoffice/divorcee_female.php
/home/maratha9/public_html/backoffice/setting.php
/home/maratha9/public_html/backoffice/divfemale_details.php
/home/maratha9/public_html/backoffice/admin_edit.php
/home/maratha9/public_html/backoffice/divmale_details.php
/home/maratha9/public_html/backoffice/bridegroom_details.php
/home/maratha9/public_html/backoffice/register.php
/home/maratha9/public_html/backoffice/projects.php
/home/maratha9/public_html/backoffice/index.php
/home/maratha9/public_html/backoffice/index1.php
/home/maratha9/public_html/backoffice/widow_details.php
/home/maratha9/public_html/backoffice/admin.php
/home/maratha9/public_html/backoffice/form1.php
/home/maratha9/public_html/backoffice/mainpage.php
/home/maratha9/public_html/backoffice/widower_details.php
/home/maratha9/public_html/backoffice/widower.php
/home/maratha9/public_html/backoffice/divorcee_male.php
/home/maratha9/public_html/backoffice/profille.php
/home/maratha9/public_html/backoffice/widow.php
/home/maratha9/public_html/profille.php
/home/maratha9/public_html/widow.php
/home/maratha9/public_html/construction.php
